<html>
<head>
<title>TestNG:  Test</title>
<link href="../testng.css" rel="stylesheet" type="text/css" />
<link href="../my-testng.css" rel="stylesheet" type="text/css" />

<style type="text/css">
.log { display: none;} 
.stack-trace { display: none;} 
</style>
<script type="text/javascript">
<!--
function flip(e) {
  current = e.style.display;
  if (current == 'block') {
    e.style.display = 'none';
    return 0;
  }
  else {
    e.style.display = 'block';
    return 1;
  }
}

function toggleBox(szDivId, elem, msg1, msg2)
{
  var res = -1;  if (document.getElementById) {
    res = flip(document.getElementById(szDivId));
  }
  else if (document.all) {
    // this is the way old msie versions work
    res = flip(document.all[szDivId]);
  }
  if(elem) {
    if(res == 0) elem.innerHTML = msg1; else elem.innerHTML = msg2;
  }

}

function toggleAllBoxes() {
  if (document.getElementsByTagName) {
    d = document.getElementsByTagName('div');
    for (i = 0; i < d.length; i++) {
      if (d[i].className == 'log') {
        flip(d[i]);
      }
    }
  }
}

// -->
</script>

</head>
<body>
<h2 align='center'>Test</h2><table border='1' align="center">
<tr>
<td>Tests passed/Failed/Skipped:</td><td>10/1/0</td>
</tr><tr>
<td>Started on:</td><td>Tue Sep 10 22:03:19 IST 2024</td>
</tr>
<tr><td>Total time:</td><td>43 seconds (43004 ms)</td>
</tr><tr>
<td>Included groups:</td><td></td>
</tr><tr>
<td>Excluded groups:</td><td></td>
</tr>
</table><p/>
<small><i>(Hover the method name to see the test class name)</i></small><p/>
<table width='100%' border='1' class='invocation-failed'>
<tr><td colspan='4' align='center'><b>FAILED TESTS</b></td></tr>
<tr><td><b>Test method</b></td>
<td><b>Attribute(s)</b></td>
<td width="30%"><b>Exception</b></td>
<td width="10%"><b>Time (seconds)</b></td>
<td><b>Instance</b></td>
</tr>
<tr>
<td title='api.tests.user.Post_API_Tests.PostTest1()'><b>PostTest1</b><br>Test class: api.tests.user.Post_API_Tests<br>Test method: Validate that response code falls in 2XX category</td>
<td><div><pre>java.lang.AssertionError: Assertion 1
	at org.hamcrest.MatcherAssert.assertThat(MatcherAssert.java:26)
	at api.tests.user.Post_API_Tests.PostTest1(Post_API_Tests.java:66)
	at java.base/java.util.ArrayList.forEach(ArrayList.java:1597)
... Removed 25 stack frames</pre></div><a href='#' onClick='toggleBox("stack-trace551854451", this, "Click to show all stack frames", "Click to hide stack frames")'>Click to show all stack frames</a>
<div class='stack-trace' id='stack-trace551854451'><pre>java.lang.AssertionError: Assertion 1
	at org.hamcrest.MatcherAssert.assertThat(MatcherAssert.java:26)
	at api.tests.user.Post_API_Tests.PostTest1(Post_API_Tests.java:66)
	at java.base/jdk.internal.reflect.DirectMethodHandleAccessor.invoke(DirectMethodHandleAccessor.java:103)
	at java.base/java.lang.reflect.Method.invoke(Method.java:580)
	at org.testng.internal.invokers.MethodInvocationHelper.invokeMethod(MethodInvocationHelper.java:141)
	at org.testng.internal.invokers.TestInvoker.invokeMethod(TestInvoker.java:686)
	at org.testng.internal.invokers.TestInvoker.invokeTestMethod(TestInvoker.java:230)
	at org.testng.internal.invokers.MethodRunner.runInSequence(MethodRunner.java:63)
	at org.testng.internal.invokers.TestInvoker$MethodInvocationAgent.invoke(TestInvoker.java:992)
	at org.testng.internal.invokers.TestInvoker.invokeTestMethods(TestInvoker.java:203)
	at org.testng.internal.invokers.TestMethodWorker.invokeTestMethods(TestMethodWorker.java:154)
	at org.testng.internal.invokers.TestMethodWorker.run(TestMethodWorker.java:134)
	at java.base/java.util.ArrayList.forEach(ArrayList.java:1597)
	at org.testng.TestRunner.privateRun(TestRunner.java:739)
	at org.testng.TestRunner.run(TestRunner.java:614)
	at org.testng.SuiteRunner.runTest(SuiteRunner.java:421)
	at org.testng.SuiteRunner.runSequentially(SuiteRunner.java:413)
	at org.testng.SuiteRunner.privateRun(SuiteRunner.java:373)
	at org.testng.SuiteRunner.run(SuiteRunner.java:312)
	at org.testng.SuiteRunnerWorker.runSuite(SuiteRunnerWorker.java:52)
	at org.testng.SuiteRunnerWorker.run(SuiteRunnerWorker.java:95)
	at org.testng.TestNG.runSuitesSequentially(TestNG.java:1274)
	at org.testng.TestNG.runSuitesLocally(TestNG.java:1208)
	at org.testng.TestNG.runSuites(TestNG.java:1112)
	at org.testng.TestNG.run(TestNG.java:1079)
	at org.testng.remote.AbstractRemoteTestNG.run(AbstractRemoteTestNG.java:115)
	at org.testng.remote.RemoteTestNG.initAndRun(RemoteTestNG.java:293)
	at org.testng.remote.RemoteTestNG.main(RemoteTestNG.java:91)
</pre></div></td>
<td>1</td>
<td>api.tests.user.Post_API_Tests@6f1de4c7</td></tr>
</table><p>
<table width='100%' border='1' class='invocation-passed'>
<tr><td colspan='4' align='center'><b>PASSED TESTS</b></td></tr>
<tr><td><b>Test method</b></td>
<td><b>Attribute(s)</b></td>
<td width="30%"><b>Exception</b></td>
<td width="10%"><b>Time (seconds)</b></td>
<td><b>Instance</b></td>
</tr>
<tr>
<td title='api.tests.user.Put_API_Tests.PutTest2()'><b>PutTest2</b><br>Test class: api.tests.user.Put_API_Tests<br>Test method: Validate that response code = 200 </td>
<td></td>
<td>4</td>
<td>api.tests.user.Put_API_Tests@2a4fb17b</td></tr>
<tr>
<td title='api.tests.user.Get_API_Tests.GetTest1()'><b>GetTest1</b><br>Test class: api.tests.user.Get_API_Tests<br>Test method: Validate that response code falls in 2XX category</td>
<td></td>
<td>2</td>
<td>api.tests.user.Get_API_Tests@5c6648b0</td></tr>
<tr>
<td title='api.tests.user.Delete_API_Tests.DeleteTest1()'><b>DeleteTest1</b><br>Test class: api.tests.user.Delete_API_Tests<br>Test method: Validate that response code falls in 2XX category</td>
<td></td>
<td>5</td>
<td>api.tests.user.Delete_API_Tests@3023df74</td></tr>
<tr>
<td title='api.tests.user.Get_API_Tests.GetTest3()'><b>GetTest3</b><br>Test class: api.tests.user.Get_API_Tests<br>Test method: Validate that response contains response body as per the req </td>
<td></td>
<td>2</td>
<td>api.tests.user.Get_API_Tests@5c6648b0</td></tr>
<tr>
<td title='api.tests.user.Put_API_Tests.PutTest3()'><b>PutTest3</b><br>Test class: api.tests.user.Put_API_Tests<br>Test method: Validate that response contains response body as per the req </td>
<td></td>
<td>5</td>
<td>api.tests.user.Put_API_Tests@2a4fb17b</td></tr>
<tr>
<td title='api.tests.user.Put_API_Tests.PutTest1()'><b>PutTest1</b><br>Test class: api.tests.user.Put_API_Tests<br>Test method: Validate that response code falls in 2XX category</td>
<td></td>
<td>4</td>
<td>api.tests.user.Put_API_Tests@2a4fb17b</td></tr>
<tr>
<td title='api.tests.user.Get_API_Tests.GetTest2()'><b>GetTest2</b><br>Test class: api.tests.user.Get_API_Tests<br>Test method: Validate that response code = 200 </td>
<td></td>
<td>2</td>
<td>api.tests.user.Get_API_Tests@5c6648b0</td></tr>
<tr>
<td title='api.tests.user.Put_API_Tests.PutTest4()'><b>PutTest4</b><br>Test class: api.tests.user.Put_API_Tests<br>Test method: Validate that value of the user gets updated post successfull updation </td>
<td></td>
<td>7</td>
<td>api.tests.user.Put_API_Tests@2a4fb17b</td></tr>
<tr>
<td title='api.tests.user.Delete_API_Tests.DeleteTest2()'><b>DeleteTest2</b><br>Test class: api.tests.user.Delete_API_Tests<br>Test method: Validate that response code = 200 </td>
<td></td>
<td>2</td>
<td>api.tests.user.Delete_API_Tests@3023df74</td></tr>
<tr>
<td title='api.tests.user.Delete_API_Tests.DeleteTest3()'><b>DeleteTest3</b><br>Test class: api.tests.user.Delete_API_Tests<br>Test method: Validate that response contains response body as per the req </td>
<td></td>
<td>3</td>
<td>api.tests.user.Delete_API_Tests@3023df74</td></tr>
</table><p>
</body>
</html>